ncverilog: 10.20-s114: (c) Copyright 1995-2012 Cadence Design Systems, Inc.
TOOL:	ncverilog	10.20-s114: Started on Jun 07, 2017 at 00:25:30 CST
ncverilog
	TestBed_noHazard.v
	CHIP.v
	../Top.v
	../L1cache.v
	../Control.v
	../submodule.v
	../HazardDetection.v
	../forward_jump.v
	../forwardingUnit.v
	+access+r
ncverilog: *E,FILEMIS: Cannot find the provided file TestBed_noHazard.v.
ncverilog: *E,FILEMIS: Cannot find the provided file CHIP.v.
ncverilog: *E,FILEMIS: Cannot find the provided file ../Top.v.
ncverilog: *E,FILEMIS: Cannot find the provided file ../L1cache.v.
ncverilog: *E,FILEMIS: Cannot find the provided file ../Control.v.
ncverilog: *E,FILEMIS: Cannot find the provided file ../submodule.v.
ncverilog: *E,FILEMIS: Cannot find the provided file ../HazardDetection.v.
ncverilog: *E,FILEMIS: Cannot find the provided file ../forward_jump.v.
ncverilog: *E,FILEMIS: Cannot find the provided file ../forwardingUnit.v.
TOOL:	ncverilog	10.20-s114: Exiting on Jun 07, 2017 at 00:25:30 CST  (total: 00:00:00)
